<?xml version="1.0" encoding="UTF-8"?>
<!-- Generated by org.testng.reporters.JUnitXMLReporter -->
<testsuite hostname="PDYM25.local" ignored="0" name="sample test" tests="1" failures="0" timestamp="25 Jan 2018 12:12:35 GMT" time="0.377" errors="0">
  <testcase name="@BeforeClass initdriver" time="0.296" classname="ApplicationBase.BaseSetup">
    <failure type="java.lang.NoClassDefFoundError" message="org/openqa/selenium/ElementClickInterceptedException">
      <![CDATA[java.lang.NoClassDefFoundError: org/openqa/selenium/ElementClickInterceptedException
	at org.openqa.selenium.remote.ErrorCodes.<clinit>(ErrorCodes.java:216)
	at io.appium.java_client.AppiumDriver.<clinit>(AppiumDriver.java:69)
	at ApplicationBase.BaseSetup.setUp(BaseSetup.java:40)
	at ApplicationBase.BaseSetup.initdriver(BaseSetup.java:29)
Caused by: java.lang.ClassNotFoundException: org.openqa.selenium.ElementClickInterceptedException
	at java.net.URLClassLoader.findClass(URLClassLoader.java:381)
	at java.lang.ClassLoader.loadClass(ClassLoader.java:424)
	at sun.misc.Launcher$AppClassLoader.loadClass(Launcher.java:331)
	at java.lang.ClassLoader.loadClass(ClassLoader.java:357)
	... 29 more
... Removed 25 stack frames]]>
    </failure>
  </testcase> <!-- @BeforeClass initdriver -->
  <testcase name="@AfterClass tearDown" time="0.0" classname="ApplicationBase.BaseSetup">
    <skipped/>
  </testcase> <!-- @AfterClass tearDown -->
  <testcase name="WelcomescreenTest" time="0.001" classname="Citygoo.Automation.Regression.mobile.Citygoo.Automation.Regression.mobile.WelcomeScreen">
    <skipped/>
  </testcase> <!-- WelcomescreenTest -->
</testsuite> <!-- sample test -->
