<?xml version="1.0" encoding="UTF-8"?>
<testng-results skipped="0" failed="0" ignored="0" total="1" passed="1">
  <reporter-output>
  </reporter-output>
  <suite name="Default suite" duration-ms="6495" started-at="2018-01-31T12:05:21Z" finished-at="2018-01-31T12:05:28Z">
    <groups>
    </groups>
    <test name="Default test" duration-ms="6495" started-at="2018-01-31T12:05:21Z" finished-at="2018-01-31T12:05:28Z">
      <class name="Citygoo.Automation.Regression.mobile.Citygoo.Automation.Regression.mobile.WelcomeScreen">
        <test-method status="PASS" signature="initdriver()[pri:0, instance:Citygoo.Automation.Regression.mobile.Citygoo.Automation.Regression.mobile.WelcomeScreen@bd8db5a]" name="initdriver" is-config="true" duration-ms="29047" started-at="2018-01-31T17:34:52Z" finished-at="2018-01-31T17:35:21Z">
          <reporter-output>
          </reporter-output>
        </test-method> <!-- initdriver -->
        <test-method status="PASS" signature="WelcomescreenTest()[pri:0, instance:Citygoo.Automation.Regression.mobile.Citygoo.Automation.Regression.mobile.WelcomeScreen@bd8db5a]" name="WelcomescreenTest" duration-ms="6394" started-at="2018-01-31T17:35:21Z" finished-at="2018-01-31T17:35:28Z">
          <reporter-output>
          </reporter-output>
        </test-method> <!-- WelcomescreenTest -->
        <test-method status="PASS" signature="tearDown()[pri:0, instance:Citygoo.Automation.Regression.mobile.Citygoo.Automation.Regression.mobile.WelcomeScreen@bd8db5a]" name="tearDown" is-config="true" duration-ms="2545" started-at="2018-01-31T17:35:28Z" finished-at="2018-01-31T17:35:30Z">
          <reporter-output>
          </reporter-output>
        </test-method> <!-- tearDown -->
      </class> <!-- Citygoo.Automation.Regression.mobile.Citygoo.Automation.Regression.mobile.WelcomeScreen -->
    </test> <!-- Default test -->
  </suite> <!-- Default suite -->
</testng-results>
